0 info it worked if it ends with ok
1 verbose cli [ '/usr/local/bin/node',
1 verbose cli   '/Users/crizzcoxx/.node_modules_global/bin/npm',
1 verbose cli   'start' ]
2 info using npm@3.10.8
3 info using node@v6.4.0
4 verbose run-script [ 'prestart', 'start', 'poststart' ]
5 info lifecycle crizzcoxx.github.io@1.0.0~prestart: crizzcoxx.github.io@1.0.0
6 silly lifecycle crizzcoxx.github.io@1.0.0~prestart: no script for prestart, continuing
7 info lifecycle crizzcoxx.github.io@1.0.0~start: crizzcoxx.github.io@1.0.0
8 verbose lifecycle crizzcoxx.github.io@1.0.0~start: unsafe-perm in lifecycle true
9 verbose lifecycle crizzcoxx.github.io@1.0.0~start: PATH: /Users/crizzcoxx/.node_modules_global/lib/node_modules/npm/bin/node-gyp-bin:/Users/crizzcoxx/dev/crizzcoxx.github.io/node_modules/.bin:/Users/crizzcoxx/.node_modules_global/bin:/usr/local/bin:/usr/bin:/bin:/usr/sbin:/sbin:/Documents/bin/play-2.2.0:/Users/crizzcoxx/Documents/bin/play-2.2.0:/Users/crizzcoxx/Documents/bin/scala-2.11.8/bin:/usr/local/mongodb/bin
10 verbose lifecycle crizzcoxx.github.io@1.0.0~start: CWD: /Users/crizzcoxx/dev/crizzcoxx.github.io
11 silly lifecycle crizzcoxx.github.io@1.0.0~start: Args: [ '-c', 'webpack-dev-server --hot --inline' ]
12 silly lifecycle crizzcoxx.github.io@1.0.0~start: Returned: code: 1  signal: null
13 info lifecycle crizzcoxx.github.io@1.0.0~start: Failed to exec start script
14 verbose stack Error: crizzcoxx.github.io@1.0.0 start: `webpack-dev-server --hot --inline`
14 verbose stack Exit status 1
14 verbose stack     at EventEmitter.<anonymous> (/Users/crizzcoxx/.node_modules_global/lib/node_modules/npm/lib/utils/lifecycle.js:255:16)
14 verbose stack     at emitTwo (events.js:106:13)
14 verbose stack     at EventEmitter.emit (events.js:191:7)
14 verbose stack     at ChildProcess.<anonymous> (/Users/crizzcoxx/.node_modules_global/lib/node_modules/npm/lib/utils/spawn.js:40:14)
14 verbose stack     at emitTwo (events.js:106:13)
14 verbose stack     at ChildProcess.emit (events.js:191:7)
14 verbose stack     at maybeClose (internal/child_process.js:852:16)
14 verbose stack     at Process.ChildProcess._handle.onexit (internal/child_process.js:215:5)
15 verbose pkgid crizzcoxx.github.io@1.0.0
16 verbose cwd /Users/crizzcoxx/dev/crizzcoxx.github.io
17 error Darwin 15.6.0
18 error argv "/usr/local/bin/node" "/Users/crizzcoxx/.node_modules_global/bin/npm" "start"
19 error node v6.4.0
20 error npm  v3.10.8
21 error code ELIFECYCLE
22 error crizzcoxx.github.io@1.0.0 start: `webpack-dev-server --hot --inline`
22 error Exit status 1
23 error Failed at the crizzcoxx.github.io@1.0.0 start script 'webpack-dev-server --hot --inline'.
23 error Make sure you have the latest version of node.js and npm installed.
23 error If you do, this is most likely a problem with the crizzcoxx.github.io package,
23 error not with npm itself.
23 error Tell the author that this fails on your system:
23 error     webpack-dev-server --hot --inline
23 error You can get information on how to open an issue for this project with:
23 error     npm bugs crizzcoxx.github.io
23 error Or if that isn't available, you can get their info via:
23 error     npm owner ls crizzcoxx.github.io
23 error There is likely additional logging output above.
24 verbose exit [ 1, true ]
